18-Apr-2018 22:22:16.872 INFO [main] org.apache.catalina.startup.VersionLoggerListener.log Server version:        Apache Tomcat/9.0.5
18-Apr-2018 22:22:16.903 INFO [main] org.apache.catalina.startup.VersionLoggerListener.log Server built:          Feb 6 2018 21:42:23 UTC
18-Apr-2018 22:22:16.904 INFO [main] org.apache.catalina.startup.VersionLoggerListener.log Server number:         9.0.5.0
18-Apr-2018 22:22:16.904 INFO [main] org.apache.catalina.startup.VersionLoggerListener.log OS Name:               Windows 10
18-Apr-2018 22:22:16.904 INFO [main] org.apache.catalina.startup.VersionLoggerListener.log OS Version:            10.0
18-Apr-2018 22:22:16.904 INFO [main] org.apache.catalina.startup.VersionLoggerListener.log Architecture:          amd64
18-Apr-2018 22:22:16.904 INFO [main] org.apache.catalina.startup.VersionLoggerListener.log Java Home:             C:\Program Files\Java\jre1.8.0_144
18-Apr-2018 22:22:16.904 INFO [main] org.apache.catalina.startup.VersionLoggerListener.log JVM Version:           1.8.0_144-b01
18-Apr-2018 22:22:16.908 INFO [main] org.apache.catalina.startup.VersionLoggerListener.log JVM Vendor:            Oracle Corporation
18-Apr-2018 22:22:16.910 INFO [main] org.apache.catalina.startup.VersionLoggerListener.log CATALINA_BASE:         C:\Users\Peter\Desktop\CS5999\apache-tomcat-9.0.5-windows-x64\apache-tomcat-9.0.5
18-Apr-2018 22:22:16.910 INFO [main] org.apache.catalina.startup.VersionLoggerListener.log CATALINA_HOME:         C:\Users\Peter\Desktop\CS5999\apache-tomcat-9.0.5-windows-x64\apache-tomcat-9.0.5
18-Apr-2018 22:22:16.911 INFO [main] org.apache.catalina.startup.VersionLoggerListener.log Command line argument: -Djava.util.logging.config.file=C:\Users\Peter\Desktop\CS5999\apache-tomcat-9.0.5-windows-x64\apache-tomcat-9.0.5\conf\logging.properties
18-Apr-2018 22:22:16.911 INFO [main] org.apache.catalina.startup.VersionLoggerListener.log Command line argument: -Djava.util.logging.manager=org.apache.juli.ClassLoaderLogManager
18-Apr-2018 22:22:16.911 INFO [main] org.apache.catalina.startup.VersionLoggerListener.log Command line argument: -Djdk.tls.ephemeralDHKeySize=2048
18-Apr-2018 22:22:16.911 INFO [main] org.apache.catalina.startup.VersionLoggerListener.log Command line argument: -Djava.protocol.handler.pkgs=org.apache.catalina.webresources
18-Apr-2018 22:22:16.911 INFO [main] org.apache.catalina.startup.VersionLoggerListener.log Command line argument: -Dignore.endorsed.dirs=
18-Apr-2018 22:22:16.911 INFO [main] org.apache.catalina.startup.VersionLoggerListener.log Command line argument: -Dcatalina.base=C:\Users\Peter\Desktop\CS5999\apache-tomcat-9.0.5-windows-x64\apache-tomcat-9.0.5
18-Apr-2018 22:22:16.911 INFO [main] org.apache.catalina.startup.VersionLoggerListener.log Command line argument: -Dcatalina.home=C:\Users\Peter\Desktop\CS5999\apache-tomcat-9.0.5-windows-x64\apache-tomcat-9.0.5
18-Apr-2018 22:22:16.911 INFO [main] org.apache.catalina.startup.VersionLoggerListener.log Command line argument: -Djava.io.tmpdir=C:\Users\Peter\Desktop\CS5999\apache-tomcat-9.0.5-windows-x64\apache-tomcat-9.0.5\temp
18-Apr-2018 22:22:16.911 INFO [main] org.apache.catalina.core.AprLifecycleListener.lifecycleEvent Loaded APR based Apache Tomcat Native library [1.2.16] using APR version [1.6.3].
18-Apr-2018 22:22:16.911 INFO [main] org.apache.catalina.core.AprLifecycleListener.lifecycleEvent APR capabilities: IPv6 [true], sendfile [true], accept filters [false], random [true].
18-Apr-2018 22:22:16.911 INFO [main] org.apache.catalina.core.AprLifecycleListener.lifecycleEvent APR/OpenSSL configuration: useAprConnector [false], useOpenSSL [true]
18-Apr-2018 22:22:17.994 INFO [main] org.apache.catalina.core.AprLifecycleListener.initializeSSL OpenSSL successfully initialized [OpenSSL 1.0.2m  2 Nov 2017]
18-Apr-2018 22:22:18.235 INFO [main] org.apache.coyote.AbstractProtocol.init Initializing ProtocolHandler ["http-nio-8080"]
18-Apr-2018 22:22:18.360 INFO [main] org.apache.tomcat.util.net.NioSelectorPool.getSharedSelector Using a shared selector for servlet write/read
18-Apr-2018 22:22:18.371 INFO [main] org.apache.coyote.AbstractProtocol.init Initializing ProtocolHandler ["ajp-nio-8009"]
18-Apr-2018 22:22:18.373 INFO [main] org.apache.tomcat.util.net.NioSelectorPool.getSharedSelector Using a shared selector for servlet write/read
18-Apr-2018 22:22:18.373 INFO [main] org.apache.catalina.startup.Catalina.load Initialization processed in 2377 ms
18-Apr-2018 22:22:18.419 INFO [main] org.apache.catalina.core.StandardService.startInternal Starting service [Catalina]
18-Apr-2018 22:22:18.419 INFO [main] org.apache.catalina.core.StandardEngine.startInternal Starting Servlet Engine: Apache Tomcat/9.0.5
18-Apr-2018 22:22:18.431 INFO [main] org.apache.catalina.startup.HostConfig.deployDescriptor Deploying configuration descriptor [C:\Users\Peter\Desktop\CS5999\apache-tomcat-9.0.5-windows-x64\apache-tomcat-9.0.5\conf\Catalina\localhost\instructor.xml]
18-Apr-2018 22:22:18.908 INFO [main] org.apache.catalina.startup.HostConfig.deployDescriptor Deployment of configuration descriptor [C:\Users\Peter\Desktop\CS5999\apache-tomcat-9.0.5-windows-x64\apache-tomcat-9.0.5\conf\Catalina\localhost\instructor.xml] has finished in [475] ms
18-Apr-2018 22:22:18.908 INFO [main] org.apache.catalina.startup.HostConfig.deployDescriptor Deploying configuration descriptor [C:\Users\Peter\Desktop\CS5999\apache-tomcat-9.0.5-windows-x64\apache-tomcat-9.0.5\conf\Catalina\localhost\student.xml]
18-Apr-2018 22:22:19.185 INFO [main] org.apache.jasper.servlet.TldScanner.scanJars At least one JAR was scanned for TLDs yet contained no TLDs. Enable debug logging for this logger for a complete list of JARs that were scanned but no TLDs were found in them. Skipping unneeded JARs during scanning can improve startup time and JSP compilation time.
18-Apr-2018 22:22:19.188 INFO [main] org.apache.catalina.startup.HostConfig.deployDescriptor Deployment of configuration descriptor [C:\Users\Peter\Desktop\CS5999\apache-tomcat-9.0.5-windows-x64\apache-tomcat-9.0.5\conf\Catalina\localhost\student.xml] has finished in [280] ms
18-Apr-2018 22:22:19.189 INFO [main] org.apache.catalina.startup.HostConfig.deployDirectory Deploying web application directory [C:\Users\Peter\Desktop\CS5999\apache-tomcat-9.0.5-windows-x64\apache-tomcat-9.0.5\webapps\docs]
18-Apr-2018 22:22:19.218 INFO [main] org.apache.catalina.startup.HostConfig.deployDirectory Deployment of web application directory [C:\Users\Peter\Desktop\CS5999\apache-tomcat-9.0.5-windows-x64\apache-tomcat-9.0.5\webapps\docs] has finished in [29] ms
18-Apr-2018 22:22:19.218 INFO [main] org.apache.catalina.startup.HostConfig.deployDirectory Deploying web application directory [C:\Users\Peter\Desktop\CS5999\apache-tomcat-9.0.5-windows-x64\apache-tomcat-9.0.5\webapps\examples]
18-Apr-2018 22:22:19.715 INFO [main] org.apache.catalina.startup.HostConfig.deployDirectory Deployment of web application directory [C:\Users\Peter\Desktop\CS5999\apache-tomcat-9.0.5-windows-x64\apache-tomcat-9.0.5\webapps\examples] has finished in [497] ms
18-Apr-2018 22:22:19.715 INFO [main] org.apache.catalina.startup.HostConfig.deployDirectory Deploying web application directory [C:\Users\Peter\Desktop\CS5999\apache-tomcat-9.0.5-windows-x64\apache-tomcat-9.0.5\webapps\helloservlet]
18-Apr-2018 22:22:19.847 INFO [main] org.apache.catalina.startup.HostConfig.deployDirectory Deployment of web application directory [C:\Users\Peter\Desktop\CS5999\apache-tomcat-9.0.5-windows-x64\apache-tomcat-9.0.5\webapps\helloservlet] has finished in [132] ms
18-Apr-2018 22:22:19.847 INFO [main] org.apache.catalina.startup.HostConfig.deployDirectory Deploying web application directory [C:\Users\Peter\Desktop\CS5999\apache-tomcat-9.0.5-windows-x64\apache-tomcat-9.0.5\webapps\host-manager]
18-Apr-2018 22:22:19.933 INFO [main] org.apache.catalina.startup.HostConfig.deployDirectory Deployment of web application directory [C:\Users\Peter\Desktop\CS5999\apache-tomcat-9.0.5-windows-x64\apache-tomcat-9.0.5\webapps\host-manager] has finished in [86] ms
18-Apr-2018 22:22:19.937 INFO [main] org.apache.catalina.startup.HostConfig.deployDirectory Deploying web application directory [C:\Users\Peter\Desktop\CS5999\apache-tomcat-9.0.5-windows-x64\apache-tomcat-9.0.5\webapps\manager]
18-Apr-2018 22:22:20.009 INFO [main] org.apache.catalina.startup.HostConfig.deployDirectory Deployment of web application directory [C:\Users\Peter\Desktop\CS5999\apache-tomcat-9.0.5-windows-x64\apache-tomcat-9.0.5\webapps\manager] has finished in [76] ms
18-Apr-2018 22:22:20.009 INFO [main] org.apache.catalina.startup.HostConfig.deployDirectory Deploying web application directory [C:\Users\Peter\Desktop\CS5999\apache-tomcat-9.0.5-windows-x64\apache-tomcat-9.0.5\webapps\ROOT]
18-Apr-2018 22:22:20.054 INFO [main] org.apache.catalina.startup.HostConfig.deployDirectory Deployment of web application directory [C:\Users\Peter\Desktop\CS5999\apache-tomcat-9.0.5-windows-x64\apache-tomcat-9.0.5\webapps\ROOT] has finished in [45] ms
18-Apr-2018 22:22:20.107 INFO [main] org.apache.coyote.AbstractProtocol.start Starting ProtocolHandler ["http-nio-8080"]
18-Apr-2018 22:22:20.132 INFO [main] org.apache.coyote.AbstractProtocol.start Starting ProtocolHandler ["ajp-nio-8009"]
18-Apr-2018 22:22:20.132 INFO [main] org.apache.catalina.startup.Catalina.start Server startup in 1768 ms
18-Apr-2018 22:22:23.530 INFO [http-nio-8080-exec-9] org.apache.catalina.startup.HostConfig.undeploy Undeploying context [/instructor]
18-Apr-2018 22:22:23.601 INFO [http-nio-8080-exec-4] org.apache.catalina.startup.HostConfig.deployDescriptor Deploying configuration descriptor [C:\Users\Peter\Desktop\CS5999\apache-tomcat-9.0.5-windows-x64\apache-tomcat-9.0.5\conf\Catalina\localhost\instructor.xml]
18-Apr-2018 22:22:23.684 INFO [http-nio-8080-exec-4] org.apache.catalina.startup.HostConfig.deployDescriptor Deployment of configuration descriptor [C:\Users\Peter\Desktop\CS5999\apache-tomcat-9.0.5-windows-x64\apache-tomcat-9.0.5\conf\Catalina\localhost\instructor.xml] has finished in [83] ms
18-Apr-2018 22:22:23.694 INFO [http-nio-8080-exec-5] org.apache.catalina.util.LifecycleBase.start The start() method was called on component [StandardEngine[Catalina].StandardHost[localhost].StandardContext[/instructor]] after start() had already been called. The second call will be ignored.
18-Apr-2018 22:24:13.387 INFO [http-nio-8080-exec-16] org.apache.catalina.core.StandardContext.reload Reloading Context with name [/student] has started
18-Apr-2018 22:24:13.519 INFO [http-nio-8080-exec-16] org.apache.catalina.core.StandardContext.reload Reloading Context with name [/student] is completed
18-Apr-2018 22:33:09.377 INFO [http-nio-8080-exec-24] org.apache.catalina.core.StandardContext.reload Reloading Context with name [/student] has started
18-Apr-2018 22:33:09.522 INFO [http-nio-8080-exec-24] org.apache.catalina.core.StandardContext.reload Reloading Context with name [/student] is completed
18-Apr-2018 22:34:54.038 INFO [http-nio-8080-exec-31] org.apache.catalina.core.StandardContext.reload Reloading Context with name [/student] has started
18-Apr-2018 22:34:54.355 INFO [http-nio-8080-exec-31] org.apache.catalina.core.StandardContext.reload Reloading Context with name [/student] is completed
18-Apr-2018 22:36:32.630 INFO [http-nio-8080-exec-35] org.apache.catalina.core.StandardContext.reload Reloading Context with name [/student] has started
18-Apr-2018 22:36:32.820 INFO [http-nio-8080-exec-35] org.apache.catalina.core.StandardContext.reload Reloading Context with name [/student] is completed
18-Apr-2018 22:37:11.263 INFO [http-nio-8080-exec-36] org.apache.catalina.core.StandardContext.reload Reloading Context with name [/student] has started
18-Apr-2018 22:37:11.475 INFO [http-nio-8080-exec-36] org.apache.catalina.core.StandardContext.reload Reloading Context with name [/student] is completed
18-Apr-2018 22:40:01.925 INFO [http-nio-8080-exec-37] org.apache.catalina.core.StandardContext.reload Reloading Context with name [/student] has started
18-Apr-2018 22:40:02.206 INFO [http-nio-8080-exec-37] org.apache.catalina.core.StandardContext.reload Reloading Context with name [/student] is completed
18-Apr-2018 22:40:57.407 INFO [http-nio-8080-exec-40] org.apache.catalina.core.StandardContext.reload Reloading Context with name [/student] has started
18-Apr-2018 22:40:57.594 INFO [http-nio-8080-exec-40] org.apache.catalina.core.StandardContext.reload Reloading Context with name [/student] is completed
18-Apr-2018 22:42:43.280 INFO [http-nio-8080-exec-38] org.apache.catalina.core.StandardContext.reload Reloading Context with name [/student] has started
18-Apr-2018 22:42:43.502 INFO [http-nio-8080-exec-38] org.apache.catalina.core.StandardContext.reload Reloading Context with name [/student] is completed
18-Apr-2018 22:43:15.646 INFO [http-nio-8080-exec-41] org.apache.catalina.core.StandardContext.reload Reloading Context with name [/student] has started
18-Apr-2018 22:43:15.789 INFO [http-nio-8080-exec-41] org.apache.catalina.core.StandardContext.reload Reloading Context with name [/student] is completed
18-Apr-2018 22:50:08.559 INFO [http-nio-8080-exec-46] org.apache.catalina.core.StandardContext.reload Reloading Context with name [/student] has started
18-Apr-2018 22:50:08.566 WARNING [http-nio-8080-exec-46] org.apache.catalina.loader.WebappClassLoaderBase.clearReferencesJdbc The web application [student] registered the JDBC driver [com.mysql.jdbc.Driver] but failed to unregister it when the web application was stopped. To prevent a memory leak, the JDBC Driver has been forcibly unregistered.
18-Apr-2018 22:50:08.567 WARNING [http-nio-8080-exec-46] org.apache.catalina.loader.WebappClassLoaderBase.clearReferencesThreads The web application [student] appears to have started a thread named [Abandoned connection cleanup thread] but has failed to stop it. This is very likely to create a memory leak. Stack trace of thread:
 java.lang.Object.wait(Native Method)
 java.lang.ref.ReferenceQueue.remove(Unknown Source)
 com.mysql.jdbc.AbandonedConnectionCleanupThread.run(AbandonedConnectionCleanupThread.java:64)
 java.util.concurrent.ThreadPoolExecutor.runWorker(Unknown Source)
 java.util.concurrent.ThreadPoolExecutor$Worker.run(Unknown Source)
 java.lang.Thread.run(Unknown Source)
18-Apr-2018 22:50:08.709 INFO [http-nio-8080-exec-46] org.apache.catalina.core.StandardContext.reload Reloading Context with name [/student] is completed
18-Apr-2018 22:50:08.803 INFO [Abandoned connection cleanup thread] org.apache.catalina.loader.WebappClassLoaderBase.checkStateForResourceLoading Illegal access: this web application instance has been stopped already. Could not load []. The following stack trace is thrown for debugging purposes as well as to attempt to terminate the thread which caused the illegal access.
 java.lang.IllegalStateException: Illegal access: this web application instance has been stopped already. Could not load []. The following stack trace is thrown for debugging purposes as well as to attempt to terminate the thread which caused the illegal access.
	at org.apache.catalina.loader.WebappClassLoaderBase.checkStateForResourceLoading(WebappClassLoaderBase.java:1295)
	at org.apache.catalina.loader.WebappClassLoaderBase.getResource(WebappClassLoaderBase.java:972)
	at com.mysql.jdbc.AbandonedConnectionCleanupThread.checkContextClassLoaders(AbandonedConnectionCleanupThread.java:90)
	at com.mysql.jdbc.AbandonedConnectionCleanupThread.run(AbandonedConnectionCleanupThread.java:63)
	at java.util.concurrent.ThreadPoolExecutor.runWorker(Unknown Source)
	at java.util.concurrent.ThreadPoolExecutor$Worker.run(Unknown Source)
	at java.lang.Thread.run(Unknown Source)

18-Apr-2018 22:53:51.990 INFO [http-nio-8080-exec-54] org.apache.catalina.core.StandardContext.reload Reloading Context with name [/student] has started
18-Apr-2018 22:53:52.189 INFO [http-nio-8080-exec-54] org.apache.catalina.core.StandardContext.reload Reloading Context with name [/student] is completed
18-Apr-2018 22:54:21.373 INFO [http-nio-8080-exec-58] org.apache.catalina.core.StandardContext.reload Reloading Context with name [/student] has started
18-Apr-2018 22:54:21.579 INFO [http-nio-8080-exec-58] org.apache.catalina.core.StandardContext.reload Reloading Context with name [/student] is completed
18-Apr-2018 22:54:25.605 INFO [http-nio-8080-exec-59] org.apache.catalina.core.StandardContext.reload Reloading Context with name [/student] has started
18-Apr-2018 22:54:25.766 INFO [http-nio-8080-exec-59] org.apache.catalina.core.StandardContext.reload Reloading Context with name [/student] is completed
18-Apr-2018 22:54:40.691 INFO [ContainerBackgroundProcessor[StandardEngine[Catalina]]] org.apache.catalina.core.StandardContext.reload Reloading Context with name [/student] has started
18-Apr-2018 22:54:40.876 INFO [ContainerBackgroundProcessor[StandardEngine[Catalina]]] org.apache.catalina.core.StandardContext.reload Reloading Context with name [/student] is completed
18-Apr-2018 22:54:43.128 INFO [http-nio-8080-exec-55] org.apache.catalina.core.StandardContext.reload Reloading Context with name [/student] has started
18-Apr-2018 22:54:43.199 INFO [http-nio-8080-exec-55] org.apache.catalina.core.StandardContext.reload Reloading Context with name [/student] is completed
18-Apr-2018 22:55:15.689 INFO [main] org.apache.catalina.core.StandardServer.await A valid shutdown command was received via the shutdown port. Stopping the Server instance.
18-Apr-2018 22:55:15.690 INFO [main] org.apache.coyote.AbstractProtocol.pause Pausing ProtocolHandler ["http-nio-8080"]
18-Apr-2018 22:55:15.819 INFO [main] org.apache.coyote.AbstractProtocol.pause Pausing ProtocolHandler ["ajp-nio-8009"]
18-Apr-2018 22:55:16.076 INFO [main] org.apache.catalina.core.StandardService.stopInternal Stopping service [Catalina]
18-Apr-2018 22:55:16.151 INFO [main] org.apache.coyote.AbstractProtocol.stop Stopping ProtocolHandler ["http-nio-8080"]
18-Apr-2018 22:55:16.162 INFO [main] org.apache.coyote.AbstractProtocol.stop Stopping ProtocolHandler ["ajp-nio-8009"]
18-Apr-2018 22:55:16.169 INFO [main] org.apache.coyote.AbstractProtocol.destroy Destroying ProtocolHandler ["http-nio-8080"]
18-Apr-2018 22:55:16.174 INFO [main] org.apache.coyote.AbstractProtocol.destroy Destroying ProtocolHandler ["ajp-nio-8009"]
