20-Apr-2018 15:24:06.425 INFO [main] org.apache.catalina.startup.VersionLoggerListener.log Server version:        Apache Tomcat/9.0.5
20-Apr-2018 15:24:06.434 INFO [main] org.apache.catalina.startup.VersionLoggerListener.log Server built:          Feb 6 2018 21:42:23 UTC
20-Apr-2018 15:24:06.435 INFO [main] org.apache.catalina.startup.VersionLoggerListener.log Server number:         9.0.5.0
20-Apr-2018 15:24:06.435 INFO [main] org.apache.catalina.startup.VersionLoggerListener.log OS Name:               Windows 10
20-Apr-2018 15:24:06.435 INFO [main] org.apache.catalina.startup.VersionLoggerListener.log OS Version:            10.0
20-Apr-2018 15:24:06.435 INFO [main] org.apache.catalina.startup.VersionLoggerListener.log Architecture:          amd64
20-Apr-2018 15:24:06.435 INFO [main] org.apache.catalina.startup.VersionLoggerListener.log Java Home:             C:\Program Files\Java\jre1.8.0_144
20-Apr-2018 15:24:06.435 INFO [main] org.apache.catalina.startup.VersionLoggerListener.log JVM Version:           1.8.0_144-b01
20-Apr-2018 15:24:06.437 INFO [main] org.apache.catalina.startup.VersionLoggerListener.log JVM Vendor:            Oracle Corporation
20-Apr-2018 15:24:06.437 INFO [main] org.apache.catalina.startup.VersionLoggerListener.log CATALINA_BASE:         C:\Users\Peter\Desktop\CS5999\apache-tomcat-9.0.5-windows-x64\apache-tomcat-9.0.5
20-Apr-2018 15:24:06.437 INFO [main] org.apache.catalina.startup.VersionLoggerListener.log CATALINA_HOME:         C:\Users\Peter\Desktop\CS5999\apache-tomcat-9.0.5-windows-x64\apache-tomcat-9.0.5
20-Apr-2018 15:24:06.438 INFO [main] org.apache.catalina.startup.VersionLoggerListener.log Command line argument: -Djava.util.logging.config.file=C:\Users\Peter\Desktop\CS5999\apache-tomcat-9.0.5-windows-x64\apache-tomcat-9.0.5\conf\logging.properties
20-Apr-2018 15:24:06.438 INFO [main] org.apache.catalina.startup.VersionLoggerListener.log Command line argument: -Djava.util.logging.manager=org.apache.juli.ClassLoaderLogManager
20-Apr-2018 15:24:06.439 INFO [main] org.apache.catalina.startup.VersionLoggerListener.log Command line argument: -Djdk.tls.ephemeralDHKeySize=2048
20-Apr-2018 15:24:06.439 INFO [main] org.apache.catalina.startup.VersionLoggerListener.log Command line argument: -Djava.protocol.handler.pkgs=org.apache.catalina.webresources
20-Apr-2018 15:24:06.439 INFO [main] org.apache.catalina.startup.VersionLoggerListener.log Command line argument: -Dignore.endorsed.dirs=
20-Apr-2018 15:24:06.439 INFO [main] org.apache.catalina.startup.VersionLoggerListener.log Command line argument: -Dcatalina.base=C:\Users\Peter\Desktop\CS5999\apache-tomcat-9.0.5-windows-x64\apache-tomcat-9.0.5
20-Apr-2018 15:24:06.439 INFO [main] org.apache.catalina.startup.VersionLoggerListener.log Command line argument: -Dcatalina.home=C:\Users\Peter\Desktop\CS5999\apache-tomcat-9.0.5-windows-x64\apache-tomcat-9.0.5
20-Apr-2018 15:24:06.439 INFO [main] org.apache.catalina.startup.VersionLoggerListener.log Command line argument: -Djava.io.tmpdir=C:\Users\Peter\Desktop\CS5999\apache-tomcat-9.0.5-windows-x64\apache-tomcat-9.0.5\temp
20-Apr-2018 15:24:06.439 INFO [main] org.apache.catalina.core.AprLifecycleListener.lifecycleEvent Loaded APR based Apache Tomcat Native library [1.2.16] using APR version [1.6.3].
20-Apr-2018 15:24:06.441 INFO [main] org.apache.catalina.core.AprLifecycleListener.lifecycleEvent APR capabilities: IPv6 [true], sendfile [true], accept filters [false], random [true].
20-Apr-2018 15:24:06.441 INFO [main] org.apache.catalina.core.AprLifecycleListener.lifecycleEvent APR/OpenSSL configuration: useAprConnector [false], useOpenSSL [true]
20-Apr-2018 15:24:07.389 INFO [main] org.apache.catalina.core.AprLifecycleListener.initializeSSL OpenSSL successfully initialized [OpenSSL 1.0.2m  2 Nov 2017]
20-Apr-2018 15:24:07.676 INFO [main] org.apache.coyote.AbstractProtocol.init Initializing ProtocolHandler ["http-nio-8080"]
20-Apr-2018 15:24:07.821 INFO [main] org.apache.tomcat.util.net.NioSelectorPool.getSharedSelector Using a shared selector for servlet write/read
20-Apr-2018 15:24:07.831 INFO [main] org.apache.coyote.AbstractProtocol.init Initializing ProtocolHandler ["ajp-nio-8009"]
20-Apr-2018 15:24:07.833 INFO [main] org.apache.tomcat.util.net.NioSelectorPool.getSharedSelector Using a shared selector for servlet write/read
20-Apr-2018 15:24:07.833 INFO [main] org.apache.catalina.startup.Catalina.load Initialization processed in 2036 ms
20-Apr-2018 15:24:07.871 INFO [main] org.apache.catalina.core.StandardService.startInternal Starting service [Catalina]
20-Apr-2018 15:24:07.871 INFO [main] org.apache.catalina.core.StandardEngine.startInternal Starting Servlet Engine: Apache Tomcat/9.0.5
20-Apr-2018 15:24:07.884 INFO [main] org.apache.catalina.startup.HostConfig.deployDescriptor Deploying configuration descriptor [C:\Users\Peter\Desktop\CS5999\apache-tomcat-9.0.5-windows-x64\apache-tomcat-9.0.5\conf\Catalina\localhost\instructor.xml]
20-Apr-2018 15:24:08.410 INFO [main] org.apache.catalina.startup.HostConfig.deployDescriptor Deployment of configuration descriptor [C:\Users\Peter\Desktop\CS5999\apache-tomcat-9.0.5-windows-x64\apache-tomcat-9.0.5\conf\Catalina\localhost\instructor.xml] has finished in [525] ms
20-Apr-2018 15:24:08.411 INFO [main] org.apache.catalina.startup.HostConfig.deployDescriptor Deploying configuration descriptor [C:\Users\Peter\Desktop\CS5999\apache-tomcat-9.0.5-windows-x64\apache-tomcat-9.0.5\conf\Catalina\localhost\student.xml]
20-Apr-2018 15:24:08.686 INFO [main] org.apache.jasper.servlet.TldScanner.scanJars At least one JAR was scanned for TLDs yet contained no TLDs. Enable debug logging for this logger for a complete list of JARs that were scanned but no TLDs were found in them. Skipping unneeded JARs during scanning can improve startup time and JSP compilation time.
20-Apr-2018 15:24:08.709 INFO [main] org.apache.catalina.startup.HostConfig.deployDescriptor Deployment of configuration descriptor [C:\Users\Peter\Desktop\CS5999\apache-tomcat-9.0.5-windows-x64\apache-tomcat-9.0.5\conf\Catalina\localhost\student.xml] has finished in [299] ms
20-Apr-2018 15:24:08.709 INFO [main] org.apache.catalina.startup.HostConfig.deployDirectory Deploying web application directory [C:\Users\Peter\Desktop\CS5999\apache-tomcat-9.0.5-windows-x64\apache-tomcat-9.0.5\webapps\docs]
20-Apr-2018 15:24:08.742 INFO [main] org.apache.catalina.startup.HostConfig.deployDirectory Deployment of web application directory [C:\Users\Peter\Desktop\CS5999\apache-tomcat-9.0.5-windows-x64\apache-tomcat-9.0.5\webapps\docs] has finished in [33] ms
20-Apr-2018 15:24:08.742 INFO [main] org.apache.catalina.startup.HostConfig.deployDirectory Deploying web application directory [C:\Users\Peter\Desktop\CS5999\apache-tomcat-9.0.5-windows-x64\apache-tomcat-9.0.5\webapps\examples]
20-Apr-2018 15:24:09.246 INFO [main] org.apache.catalina.startup.HostConfig.deployDirectory Deployment of web application directory [C:\Users\Peter\Desktop\CS5999\apache-tomcat-9.0.5-windows-x64\apache-tomcat-9.0.5\webapps\examples] has finished in [504] ms
20-Apr-2018 15:24:09.247 INFO [main] org.apache.catalina.startup.HostConfig.deployDirectory Deploying web application directory [C:\Users\Peter\Desktop\CS5999\apache-tomcat-9.0.5-windows-x64\apache-tomcat-9.0.5\webapps\helloservlet]
20-Apr-2018 15:24:09.278 INFO [main] org.apache.catalina.startup.HostConfig.deployDirectory Deployment of web application directory [C:\Users\Peter\Desktop\CS5999\apache-tomcat-9.0.5-windows-x64\apache-tomcat-9.0.5\webapps\helloservlet] has finished in [31] ms
20-Apr-2018 15:24:09.279 INFO [main] org.apache.catalina.startup.HostConfig.deployDirectory Deploying web application directory [C:\Users\Peter\Desktop\CS5999\apache-tomcat-9.0.5-windows-x64\apache-tomcat-9.0.5\webapps\host-manager]
20-Apr-2018 15:24:09.332 INFO [main] org.apache.catalina.startup.HostConfig.deployDirectory Deployment of web application directory [C:\Users\Peter\Desktop\CS5999\apache-tomcat-9.0.5-windows-x64\apache-tomcat-9.0.5\webapps\host-manager] has finished in [53] ms
20-Apr-2018 15:24:09.332 INFO [main] org.apache.catalina.startup.HostConfig.deployDirectory Deploying web application directory [C:\Users\Peter\Desktop\CS5999\apache-tomcat-9.0.5-windows-x64\apache-tomcat-9.0.5\webapps\manager]
20-Apr-2018 15:24:09.378 INFO [main] org.apache.catalina.startup.HostConfig.deployDirectory Deployment of web application directory [C:\Users\Peter\Desktop\CS5999\apache-tomcat-9.0.5-windows-x64\apache-tomcat-9.0.5\webapps\manager] has finished in [46] ms
20-Apr-2018 15:24:09.379 INFO [main] org.apache.catalina.startup.HostConfig.deployDirectory Deploying web application directory [C:\Users\Peter\Desktop\CS5999\apache-tomcat-9.0.5-windows-x64\apache-tomcat-9.0.5\webapps\ROOT]
20-Apr-2018 15:24:09.431 INFO [main] org.apache.catalina.startup.HostConfig.deployDirectory Deployment of web application directory [C:\Users\Peter\Desktop\CS5999\apache-tomcat-9.0.5-windows-x64\apache-tomcat-9.0.5\webapps\ROOT] has finished in [52] ms
20-Apr-2018 15:24:09.435 INFO [main] org.apache.coyote.AbstractProtocol.start Starting ProtocolHandler ["http-nio-8080"]
20-Apr-2018 15:24:09.445 INFO [main] org.apache.coyote.AbstractProtocol.start Starting ProtocolHandler ["ajp-nio-8009"]
20-Apr-2018 15:24:09.445 INFO [main] org.apache.catalina.startup.Catalina.start Server startup in 1616 ms
20-Apr-2018 15:24:12.990 INFO [http-nio-8080-exec-8] org.apache.catalina.startup.HostConfig.undeploy Undeploying context [/instructor]
20-Apr-2018 15:24:13.110 INFO [http-nio-8080-exec-7] org.apache.catalina.startup.HostConfig.deployDescriptor Deploying configuration descriptor [C:\Users\Peter\Desktop\CS5999\apache-tomcat-9.0.5-windows-x64\apache-tomcat-9.0.5\conf\Catalina\localhost\instructor.xml]
20-Apr-2018 15:24:13.198 INFO [http-nio-8080-exec-7] org.apache.catalina.startup.HostConfig.deployDescriptor Deployment of configuration descriptor [C:\Users\Peter\Desktop\CS5999\apache-tomcat-9.0.5-windows-x64\apache-tomcat-9.0.5\conf\Catalina\localhost\instructor.xml] has finished in [88] ms
20-Apr-2018 15:24:13.204 INFO [http-nio-8080-exec-4] org.apache.catalina.util.LifecycleBase.start The start() method was called on component [StandardEngine[Catalina].StandardHost[localhost].StandardContext[/instructor]] after start() had already been called. The second call will be ignored.
20-Apr-2018 15:29:18.616 INFO [http-nio-8080-exec-12] org.apache.catalina.startup.HostConfig.undeploy Undeploying context [/instructor]
20-Apr-2018 15:29:18.637 INFO [http-nio-8080-exec-16] org.apache.catalina.startup.HostConfig.deployDescriptor Deploying configuration descriptor [C:\Users\Peter\Desktop\CS5999\apache-tomcat-9.0.5-windows-x64\apache-tomcat-9.0.5\conf\Catalina\localhost\instructor.xml]
20-Apr-2018 15:29:18.672 INFO [http-nio-8080-exec-16] org.apache.catalina.startup.HostConfig.deployDescriptor Deployment of configuration descriptor [C:\Users\Peter\Desktop\CS5999\apache-tomcat-9.0.5-windows-x64\apache-tomcat-9.0.5\conf\Catalina\localhost\instructor.xml] has finished in [35] ms
20-Apr-2018 15:29:18.677 INFO [http-nio-8080-exec-18] org.apache.catalina.util.LifecycleBase.start The start() method was called on component [StandardEngine[Catalina].StandardHost[localhost].StandardContext[/instructor]] after start() had already been called. The second call will be ignored.
20-Apr-2018 15:32:22.202 INFO [ContainerBackgroundProcessor[StandardEngine[Catalina]]] org.apache.catalina.loader.WebappClassLoaderBase.modified One or more JARs have been added to the web application [/instructor]
20-Apr-2018 15:32:22.202 INFO [ContainerBackgroundProcessor[StandardEngine[Catalina]]] org.apache.catalina.core.StandardContext.reload Reloading Context with name [/instructor] has started
20-Apr-2018 15:32:22.448 INFO [ContainerBackgroundProcessor[StandardEngine[Catalina]]] org.apache.catalina.core.StandardContext.reload Reloading Context with name [/instructor] is completed
20-Apr-2018 15:32:23.140 INFO [http-nio-8080-exec-27] org.apache.catalina.startup.HostConfig.undeploy Undeploying context [/instructor]
20-Apr-2018 15:32:23.162 INFO [http-nio-8080-exec-24] org.apache.catalina.startup.HostConfig.deployDescriptor Deploying configuration descriptor [C:\Users\Peter\Desktop\CS5999\apache-tomcat-9.0.5-windows-x64\apache-tomcat-9.0.5\conf\Catalina\localhost\instructor.xml]
20-Apr-2018 15:32:23.458 INFO [http-nio-8080-exec-24] org.apache.catalina.startup.HostConfig.deployDescriptor Deployment of configuration descriptor [C:\Users\Peter\Desktop\CS5999\apache-tomcat-9.0.5-windows-x64\apache-tomcat-9.0.5\conf\Catalina\localhost\instructor.xml] has finished in [295] ms
20-Apr-2018 15:32:23.463 INFO [http-nio-8080-exec-29] org.apache.catalina.util.LifecycleBase.start The start() method was called on component [StandardEngine[Catalina].StandardHost[localhost].StandardContext[/instructor]] after start() had already been called. The second call will be ignored.
