03-Mar-2018 13:56:40.664 INFO [main] org.apache.catalina.core.ApplicationContext.log ContextListener: contextInitialized()
03-Mar-2018 13:56:40.664 INFO [main] org.apache.catalina.core.ApplicationContext.log SessionListener: contextInitialized()
03-Mar-2018 13:56:40.667 INFO [main] org.apache.catalina.core.ApplicationContext.log ContextListener: attributeAdded('StockTicker', 'async.Stockticker@185a6e9')
03-Mar-2018 14:01:08.603 INFO [main] org.apache.catalina.core.ApplicationContext.log ContextListener: contextInitialized()
03-Mar-2018 14:01:08.603 INFO [main] org.apache.catalina.core.ApplicationContext.log SessionListener: contextInitialized()
03-Mar-2018 14:01:08.608 INFO [main] org.apache.catalina.core.ApplicationContext.log ContextListener: attributeAdded('StockTicker', 'async.Stockticker@31190526')
03-Mar-2018 14:04:48.245 INFO [main] org.apache.catalina.core.ApplicationContext.log SessionListener: contextDestroyed()
03-Mar-2018 14:04:48.245 INFO [main] org.apache.catalina.core.ApplicationContext.log ContextListener: contextDestroyed()
03-Mar-2018 14:05:47.212 INFO [main] org.apache.catalina.core.ApplicationContext.log ContextListener: contextInitialized()
03-Mar-2018 14:05:47.212 INFO [main] org.apache.catalina.core.ApplicationContext.log SessionListener: contextInitialized()
03-Mar-2018 14:05:47.214 INFO [main] org.apache.catalina.core.ApplicationContext.log ContextListener: attributeAdded('StockTicker', 'async.Stockticker@31190526')
03-Mar-2018 14:06:46.178 INFO [main] org.apache.catalina.core.ApplicationContext.log SessionListener: contextDestroyed()
03-Mar-2018 14:06:46.178 INFO [main] org.apache.catalina.core.ApplicationContext.log ContextListener: contextDestroyed()
03-Mar-2018 16:30:13.218 INFO [main] org.apache.catalina.core.ApplicationContext.log ContextListener: contextInitialized()
03-Mar-2018 16:30:13.218 INFO [main] org.apache.catalina.core.ApplicationContext.log SessionListener: contextInitialized()
03-Mar-2018 16:30:13.219 INFO [main] org.apache.catalina.core.ApplicationContext.log ContextListener: attributeAdded('StockTicker', 'async.Stockticker@31190526')
03-Mar-2018 16:50:21.302 INFO [main] org.apache.catalina.core.ApplicationContext.log SessionListener: contextDestroyed()
03-Mar-2018 16:50:21.302 INFO [main] org.apache.catalina.core.ApplicationContext.log ContextListener: contextDestroyed()
03-Mar-2018 16:53:20.207 INFO [main] org.apache.catalina.core.ApplicationContext.log ContextListener: contextInitialized()
03-Mar-2018 16:53:20.207 INFO [main] org.apache.catalina.core.ApplicationContext.log SessionListener: contextInitialized()
03-Mar-2018 16:53:20.209 INFO [main] org.apache.catalina.core.ApplicationContext.log ContextListener: attributeAdded('StockTicker', 'async.Stockticker@31190526')
03-Mar-2018 16:53:39.882 INFO [http-nio-8080-exec-4] org.apache.catalina.core.ApplicationContext.log Marking servlet [EchoServletExample] as unavailable
03-Mar-2018 16:53:39.886 SEVERE [http-nio-8080-exec-4] org.apache.catalina.core.StandardWrapperValve.invoke Allocate exception for servlet [EchoServletExample]
 java.lang.ClassNotFoundException: mypkg.EchoServlet
	at org.apache.catalina.loader.WebappClassLoaderBase.loadClass(WebappClassLoaderBase.java:1275)
	at org.apache.catalina.loader.WebappClassLoaderBase.loadClass(WebappClassLoaderBase.java:1104)
	at org.apache.catalina.core.DefaultInstanceManager.loadClass(DefaultInstanceManager.java:540)
	at org.apache.catalina.core.DefaultInstanceManager.loadClassMaybePrivileged(DefaultInstanceManager.java:521)
	at org.apache.catalina.core.DefaultInstanceManager.newInstance(DefaultInstanceManager.java:150)
	at org.apache.catalina.core.StandardWrapper.loadServlet(StandardWrapper.java:1032)
	at org.apache.catalina.core.StandardWrapper.allocate(StandardWrapper.java:761)
	at org.apache.catalina.core.StandardWrapperValve.invoke(StandardWrapperValve.java:133)
	at org.apache.catalina.core.StandardContextValve.invoke(StandardContextValve.java:96)
	at org.apache.catalina.core.StandardHostValve.invoke(StandardHostValve.java:137)
	at org.apache.catalina.valves.ErrorReportValve.invoke(ErrorReportValve.java:81)
	at org.apache.catalina.valves.AbstractAccessLogValve.invoke(AbstractAccessLogValve.java:651)
	at org.apache.catalina.core.StandardEngineValve.invoke(StandardEngineValve.java:87)
	at org.apache.catalina.connector.CoyoteAdapter.service(CoyoteAdapter.java:342)
	at org.apache.coyote.http11.Http11Processor.service(Http11Processor.java:409)
	at org.apache.coyote.AbstractProcessorLight.process(AbstractProcessorLight.java:66)
	at org.apache.coyote.AbstractProtocol$ConnectionHandler.process(AbstractProtocol.java:754)
	at org.apache.tomcat.util.net.NioEndpoint$SocketProcessor.doRun(NioEndpoint.java:1376)
	at org.apache.tomcat.util.net.SocketProcessorBase.run(SocketProcessorBase.java:49)
	at java.util.concurrent.ThreadPoolExecutor.runWorker(Unknown Source)
	at java.util.concurrent.ThreadPoolExecutor$Worker.run(Unknown Source)
	at org.apache.tomcat.util.threads.TaskThread$WrappingRunnable.run(TaskThread.java:61)
	at java.lang.Thread.run(Unknown Source)

03-Mar-2018 16:57:08.441 INFO [main] org.apache.catalina.core.ApplicationContext.log SessionListener: contextDestroyed()
03-Mar-2018 16:57:08.441 INFO [main] org.apache.catalina.core.ApplicationContext.log ContextListener: contextDestroyed()
03-Mar-2018 16:57:13.345 INFO [main] org.apache.catalina.core.ApplicationContext.log ContextListener: contextInitialized()
03-Mar-2018 16:57:13.345 INFO [main] org.apache.catalina.core.ApplicationContext.log SessionListener: contextInitialized()
03-Mar-2018 16:57:13.352 INFO [main] org.apache.catalina.core.ApplicationContext.log ContextListener: attributeAdded('StockTicker', 'async.Stockticker@31190526')
03-Mar-2018 17:00:03.294 INFO [main] org.apache.catalina.core.ApplicationContext.log SessionListener: contextDestroyed()
03-Mar-2018 17:00:03.294 INFO [main] org.apache.catalina.core.ApplicationContext.log ContextListener: contextDestroyed()
03-Mar-2018 17:00:06.286 INFO [main] org.apache.catalina.core.ApplicationContext.log ContextListener: contextInitialized()
03-Mar-2018 17:00:06.288 INFO [main] org.apache.catalina.core.ApplicationContext.log SessionListener: contextInitialized()
03-Mar-2018 17:00:06.289 INFO [main] org.apache.catalina.core.ApplicationContext.log ContextListener: attributeAdded('StockTicker', 'async.Stockticker@31190526')
03-Mar-2018 17:06:47.439 INFO [main] org.apache.catalina.core.ApplicationContext.log SessionListener: contextDestroyed()
03-Mar-2018 17:06:47.439 INFO [main] org.apache.catalina.core.ApplicationContext.log ContextListener: contextDestroyed()
03-Mar-2018 17:06:51.167 INFO [main] org.apache.catalina.core.ApplicationContext.log ContextListener: contextInitialized()
03-Mar-2018 17:06:51.167 INFO [main] org.apache.catalina.core.ApplicationContext.log SessionListener: contextInitialized()
03-Mar-2018 17:06:51.167 INFO [main] org.apache.catalina.core.ApplicationContext.log ContextListener: attributeAdded('StockTicker', 'async.Stockticker@31190526')
03-Mar-2018 17:16:43.521 INFO [main] org.apache.catalina.core.ApplicationContext.log SessionListener: contextDestroyed()
03-Mar-2018 17:16:43.521 INFO [main] org.apache.catalina.core.ApplicationContext.log ContextListener: contextDestroyed()
03-Mar-2018 17:16:46.725 INFO [main] org.apache.catalina.core.ApplicationContext.log ContextListener: contextInitialized()
03-Mar-2018 17:16:46.725 INFO [main] org.apache.catalina.core.ApplicationContext.log SessionListener: contextInitialized()
03-Mar-2018 17:16:46.725 INFO [main] org.apache.catalina.core.ApplicationContext.log ContextListener: attributeAdded('StockTicker', 'async.Stockticker@31190526')
03-Mar-2018 17:17:43.027 INFO [main] org.apache.catalina.core.ApplicationContext.log ContextListener: contextInitialized()
03-Mar-2018 17:17:43.027 INFO [main] org.apache.catalina.core.ApplicationContext.log SessionListener: contextInitialized()
03-Mar-2018 17:17:43.029 INFO [main] org.apache.catalina.core.ApplicationContext.log ContextListener: attributeAdded('StockTicker', 'async.Stockticker@175c2241')
03-Mar-2018 17:17:43.272 INFO [main] org.apache.catalina.core.ApplicationContext.log SessionListener: contextDestroyed()
03-Mar-2018 17:17:43.272 INFO [main] org.apache.catalina.core.ApplicationContext.log ContextListener: contextDestroyed()
03-Mar-2018 17:18:04.693 INFO [http-nio-8080-exec-9] org.apache.catalina.core.ApplicationContext.log Marking servlet [StudentServlet] as unavailable
03-Mar-2018 17:18:04.694 SEVERE [http-nio-8080-exec-9] org.apache.catalina.core.StandardWrapperValve.invoke Allocate exception for servlet [StudentServlet]
 java.lang.ClassNotFoundException: mypkg.StudentServlet
	at org.apache.catalina.loader.WebappClassLoaderBase.loadClass(WebappClassLoaderBase.java:1275)
	at org.apache.catalina.loader.WebappClassLoaderBase.loadClass(WebappClassLoaderBase.java:1104)
	at org.apache.catalina.core.DefaultInstanceManager.loadClass(DefaultInstanceManager.java:540)
	at org.apache.catalina.core.DefaultInstanceManager.loadClassMaybePrivileged(DefaultInstanceManager.java:521)
	at org.apache.catalina.core.DefaultInstanceManager.newInstance(DefaultInstanceManager.java:150)
	at org.apache.catalina.core.StandardWrapper.loadServlet(StandardWrapper.java:1032)
	at org.apache.catalina.core.StandardWrapper.allocate(StandardWrapper.java:761)
	at org.apache.catalina.core.StandardWrapperValve.invoke(StandardWrapperValve.java:133)
	at org.apache.catalina.core.StandardContextValve.invoke(StandardContextValve.java:96)
	at org.apache.catalina.core.StandardHostValve.invoke(StandardHostValve.java:137)
	at org.apache.catalina.valves.ErrorReportValve.invoke(ErrorReportValve.java:81)
	at org.apache.catalina.valves.AbstractAccessLogValve.invoke(AbstractAccessLogValve.java:651)
	at org.apache.catalina.core.StandardEngineValve.invoke(StandardEngineValve.java:87)
	at org.apache.catalina.connector.CoyoteAdapter.service(CoyoteAdapter.java:342)
	at org.apache.coyote.http11.Http11Processor.service(Http11Processor.java:409)
	at org.apache.coyote.AbstractProcessorLight.process(AbstractProcessorLight.java:66)
	at org.apache.coyote.AbstractProtocol$ConnectionHandler.process(AbstractProtocol.java:754)
	at org.apache.tomcat.util.net.NioEndpoint$SocketProcessor.doRun(NioEndpoint.java:1376)
	at org.apache.tomcat.util.net.SocketProcessorBase.run(SocketProcessorBase.java:49)
	at java.util.concurrent.ThreadPoolExecutor.runWorker(Unknown Source)
	at java.util.concurrent.ThreadPoolExecutor$Worker.run(Unknown Source)
	at org.apache.tomcat.util.threads.TaskThread$WrappingRunnable.run(TaskThread.java:61)
	at java.lang.Thread.run(Unknown Source)

03-Mar-2018 17:19:01.151 INFO [main] org.apache.catalina.core.ApplicationContext.log ContextListener: contextInitialized()
03-Mar-2018 17:19:01.151 INFO [main] org.apache.catalina.core.ApplicationContext.log SessionListener: contextInitialized()
03-Mar-2018 17:19:01.151 INFO [main] org.apache.catalina.core.ApplicationContext.log ContextListener: attributeAdded('StockTicker', 'async.Stockticker@5bf0d49')
03-Mar-2018 17:19:01.371 INFO [main] org.apache.catalina.core.ApplicationContext.log SessionListener: contextDestroyed()
03-Mar-2018 17:19:01.371 INFO [main] org.apache.catalina.core.ApplicationContext.log ContextListener: contextDestroyed()
03-Mar-2018 17:29:46.199 INFO [main] org.apache.catalina.core.ApplicationContext.log ContextListener: contextInitialized()
03-Mar-2018 17:29:46.199 INFO [main] org.apache.catalina.core.ApplicationContext.log SessionListener: contextInitialized()
03-Mar-2018 17:29:46.199 INFO [main] org.apache.catalina.core.ApplicationContext.log ContextListener: attributeAdded('StockTicker', 'async.Stockticker@5bf0d49')
03-Mar-2018 17:29:46.433 INFO [main] org.apache.catalina.core.ApplicationContext.log SessionListener: contextDestroyed()
03-Mar-2018 17:29:46.433 INFO [main] org.apache.catalina.core.ApplicationContext.log ContextListener: contextDestroyed()
03-Mar-2018 17:32:38.411 INFO [main] org.apache.catalina.core.ApplicationContext.log ContextListener: contextInitialized()
03-Mar-2018 17:32:38.411 INFO [main] org.apache.catalina.core.ApplicationContext.log SessionListener: contextInitialized()
03-Mar-2018 17:32:38.411 INFO [main] org.apache.catalina.core.ApplicationContext.log ContextListener: attributeAdded('StockTicker', 'async.Stockticker@5bf0d49')
03-Mar-2018 17:32:38.615 INFO [main] org.apache.catalina.core.ApplicationContext.log SessionListener: contextDestroyed()
03-Mar-2018 17:32:38.615 INFO [main] org.apache.catalina.core.ApplicationContext.log ContextListener: contextDestroyed()
03-Mar-2018 17:38:44.581 INFO [main] org.apache.catalina.core.ApplicationContext.log ContextListener: contextInitialized()
03-Mar-2018 17:38:44.581 INFO [main] org.apache.catalina.core.ApplicationContext.log SessionListener: contextInitialized()
03-Mar-2018 17:38:44.585 INFO [main] org.apache.catalina.core.ApplicationContext.log ContextListener: attributeAdded('StockTicker', 'async.Stockticker@62379589')
03-Mar-2018 17:38:44.863 INFO [main] org.apache.catalina.core.ApplicationContext.log SessionListener: contextDestroyed()
03-Mar-2018 17:38:44.863 INFO [main] org.apache.catalina.core.ApplicationContext.log ContextListener: contextDestroyed()
03-Mar-2018 17:41:29.193 INFO [main] org.apache.catalina.core.ApplicationContext.log ContextListener: contextInitialized()
03-Mar-2018 17:41:29.193 INFO [main] org.apache.catalina.core.ApplicationContext.log SessionListener: contextInitialized()
03-Mar-2018 17:41:29.193 INFO [main] org.apache.catalina.core.ApplicationContext.log ContextListener: attributeAdded('StockTicker', 'async.Stockticker@175c2241')
03-Mar-2018 17:41:29.620 INFO [main] org.apache.catalina.core.ApplicationContext.log SessionListener: contextDestroyed()
03-Mar-2018 17:41:29.621 INFO [main] org.apache.catalina.core.ApplicationContext.log ContextListener: contextDestroyed()
03-Mar-2018 17:52:16.381 INFO [main] org.apache.catalina.core.ApplicationContext.log ContextListener: contextInitialized()
03-Mar-2018 17:52:16.381 INFO [main] org.apache.catalina.core.ApplicationContext.log SessionListener: contextInitialized()
03-Mar-2018 17:52:16.383 INFO [main] org.apache.catalina.core.ApplicationContext.log ContextListener: attributeAdded('StockTicker', 'async.Stockticker@31190526')
03-Mar-2018 17:54:40.727 INFO [main] org.apache.catalina.core.ApplicationContext.log SessionListener: contextDestroyed()
03-Mar-2018 17:54:40.727 INFO [main] org.apache.catalina.core.ApplicationContext.log ContextListener: contextDestroyed()
03-Mar-2018 17:59:30.986 INFO [main] org.apache.catalina.core.ApplicationContext.log ContextListener: contextInitialized()
03-Mar-2018 17:59:30.986 INFO [main] org.apache.catalina.core.ApplicationContext.log SessionListener: contextInitialized()
03-Mar-2018 17:59:30.986 INFO [main] org.apache.catalina.core.ApplicationContext.log ContextListener: attributeAdded('StockTicker', 'async.Stockticker@31190526')
